#
# There is insufficient memory for the Java Runtime Environment to continue.
# Native memory allocation (mmap) failed to map 6442450944 bytes for G1 virtual space
# Possible reasons:
#   The system is out of physical RAM or swap space
#   The process is running with CompressedOops enabled, and the Java Heap may be blocking the growth of the native heap
# Possible solutions:
#   Reduce memory load on the system
#   Increase physical memory or swap space
#   Check if swap backing store is full
#   Decrease Java heap size (-Xmx/-Xms)
#   Decrease number of Java threads
#   Decrease Java thread stack sizes (-Xss)
#   Set larger code cache with -XX:ReservedCodeCacheSize=
#   JVM is running with Zero Based Compressed Oops mode in which the Java heap is
#     placed in the first 32GB address space. The Java Heap base address is the
#     maximum limit for the native heap growth. Please use -XX:HeapBaseMinAddress
#     to set the Java Heap base and to place the Java Heap above 32GB virtual address.
# This output file may be truncated or incomplete.
#
#  Out of Memory Error (os_windows.cpp:3825), pid=15512, tid=11664
#
# JRE version:  (17.0.9+7) (build )
# Java VM: OpenJDK 64-Bit Server VM (17.0.9+7-b1087.9, mixed mode, sharing, tiered, compressed oops, compressed class ptrs, g1 gc, windows-amd64)
# No core dump will be written. Minidumps are not enabled by default on client versions of Windows
#

---------------  S U M M A R Y ------------

Command Line: -Xmx8G -Xms6G git4idea.http.GitAskPassApp Username for 'https://github.com': 

Host: 12th Gen Intel(R) Core(TM) i5-12400F, 12 cores, 15G,  Windows 10 , 64 bit Build 19041 (10.0.19041.5915)
Time: Thu Sep  4 03:39:38 2025 RTZ 2 (s 10 , 64 bit Build 19041 (10.0.19041.5915) elapsed time: 0.080169 seconds (0d 0h 0m 0s)

---------------  T H R E A D  ---------------

Current thread (0x0000025a02d859a0):  JavaThread "Unknown thread" [_thread_in_vm, id=11664, stack(0x000000b5abc00000,0x000000b5abd00000)]

Stack: [0x000000b5abc00000,0x000000b5abd00000]
Native frames: (J=compiled Java code, j=interpreted, Vv=VM code, C=native code)
V  [jvm.dll+0x688349]
V  [jvm.dll+0x841bfa]
V  [jvm.dll+0x84383e]
V  [jvm.dll+0x843ea3]
V  [jvm.dll+0x24bdef]
V  [jvm.dll+0x6850f9]
V  [jvm.dll+0x67988a]
V  [jvm.dll+0x30cbfb]
V  [jvm.dll+0x3140a6]
V  [jvm.dll+0x363ede]
V  [jvm.dll+0x36410f]
V  [jvm.dll+0x2e29c8]
V  [jvm.dll+0x2e3934]
V  [jvm.dll+0x812771]
V  [jvm.dll+0x371d41]
V  [jvm.dll+0x7f12bc]
V  [jvm.dll+0x3f59cf]
V  [jvm.dll+0x3f7601]
C  [jli.dll+0x528f]
C  [ucrtbase.dll+0x21bb2]
C  [KERNEL32.DLL+0x17374]
C  [ntdll.dll+0x4cc91]


---------------  P R O C E S S  ---------------

Threads class SMR info:
_java_thread_list=0x00007ffc0755df18, length=0, elements={
}

Java Threads: ( => current thread )

Other Threads:
  0x0000025a02e318f0 GCTaskThread "GC Thread#0" [stack: 0x000000b5abd00000,0x000000b5abe00000] [id=16556]
  0x0000025a02e3e830 ConcurrentGCThread "G1 Main Marker" [stack: 0x000000b5abe00000,0x000000b5abf00000] [id=6548]
  0x0000025a28a54b80 ConcurrentGCThread "G1 Conc#0" [stack: 0x000000b5abf00000,0x000000b5ac000000] [id=7436]

[error occurred during error reporting (printing all threads), id 0xc0000005, EXCEPTION_ACCESS_VIOLATION (0xc0000005) at pc=0x00007ffc06d13597]

VM state: not at safepoint (not fully initialized)

VM Mutex/Monitor currently owned by a thread:  ([mutex/lock_event])
[0x0000025a02d7fce0] Heap_lock - owner thread: 0x0000025a02d859a0

Heap address: 0x0000000600000000, size: 8192 MB, Compressed Oops mode: Zero based, Oop shift amount: 3

CDS archive(s) mapped at: [0x0000000000000000-0x0000000000000000-0x0000000000000000), size 0, SharedBaseAddress: 0x0000000800000000, ArchiveRelocationMode: 1.
Narrow klass base: 0x0000000000000000, Narrow klass shift: 0, Narrow klass range: 0x0

GC Precious Log:
<Empty>

Heap:
 garbage-first heap   total 0K, used 0K [0x0000000600000000, 0x0000000800000000)
  region size 4096K, 0 young (0K), 0 survivors (0K)
 Metaspace       used 0K, committed 0K, reserved 0K
  class space    used 0K, committed 0K, reserved 0K

Heap Regions: E=young(eden), S=young(survivor), O=old, HS=humongous(starts), HC=humongous(continues), CS=collection set, F=free, OA=open archive, CA=closed archive, TAMS=top-at-mark-start (previous, next)

Card table byte_map: [0x0000025a16a50000,0x0000025a17a50000] _byte_map_base: 0x0000025a13a50000

Marking Bits (Prev, Next): (CMBitMap*) 0x0000025a02e31f10, (CMBitMap*) 0x0000025a02e31f50
 Prev Bits: [0x0000025a18a50000, 0x0000025a20a50000)
 Next Bits: [0x0000025a20a50000, 0x0000025a28a50000)

GC Heap History (0 events):
No events

Dll operation events (1 events):
Event: 0.006 Loaded shared library C:\Program Files\JetBrains\IntelliJ IDEA 2023.3.2\jbr\bin\java.dll

Deoptimization events (0 events):
No events

Classes unloaded (0 events):
No events

Classes redefined (0 events):
No events

Internal exceptions (0 events):
No events

VM Operations (0 events):
No events

Events (0 events):
No events


Dynamic libraries:
0x00007ff609f40000 - 0x00007ff609f4a000 	C:\Program Files\JetBrains\IntelliJ IDEA 2023.3.2\jbr\bin\java.exe
0x00007ffc55810000 - 0x00007ffc55a08000 	C:\Windows\SYSTEM32\ntdll.dll
0x00007ffc53900000 - 0x00007ffc539c2000 	C:\Windows\System32\KERNEL32.DLL
0x00007ffc53420000 - 0x00007ffc53717000 	C:\Windows\System32\KERNELBASE.dll
0x00007ffc52ff0000 - 0x00007ffc530f0000 	C:\Windows\System32\ucrtbase.dll
0x00007ffc23730000 - 0x00007ffc2374b000 	C:\Program Files\JetBrains\IntelliJ IDEA 2023.3.2\jbr\bin\VCRUNTIME140.dll
0x00007ffc4e090000 - 0x00007ffc4e0a7000 	C:\Program Files\JetBrains\IntelliJ IDEA 2023.3.2\jbr\bin\jli.dll
0x00007ffc53c60000 - 0x00007ffc53dfd000 	C:\Windows\System32\USER32.dll
0x00007ffc53800000 - 0x00007ffc53822000 	C:\Windows\System32\win32u.dll
0x00007ffc4b320000 - 0x00007ffc4b5ba000 	C:\Windows\WinSxS\amd64_microsoft.windows.common-controls_6595b64144ccf1df_6.0.19041.5915_none_60b4b9d171f9c7c7\COMCTL32.dll
0x00007ffc557a0000 - 0x00007ffc557cb000 	C:\Windows\System32\GDI32.dll
0x00007ffc55700000 - 0x00007ffc5579e000 	C:\Windows\System32\msvcrt.dll
0x00007ffc52ea0000 - 0x00007ffc52fb9000 	C:\Windows\System32\gdi32full.dll
0x00007ffc53380000 - 0x00007ffc5341d000 	C:\Windows\System32\msvcp_win.dll
0x00007ffc539d0000 - 0x00007ffc539ff000 	C:\Windows\System32\IMM32.DLL
0x00007ffc345b0000 - 0x00007ffc345bc000 	C:\Program Files\JetBrains\IntelliJ IDEA 2023.3.2\jbr\bin\vcruntime140_1.dll
0x00007ffc0cc90000 - 0x00007ffc0cd1d000 	C:\Program Files\JetBrains\IntelliJ IDEA 2023.3.2\jbr\bin\msvcp140.dll
0x00007ffc06a20000 - 0x00007ffc076a2000 	C:\Program Files\JetBrains\IntelliJ IDEA 2023.3.2\jbr\bin\server\jvm.dll
0x00007ffc54320000 - 0x00007ffc543d1000 	C:\Windows\System32\ADVAPI32.dll
0x00007ffc54560000 - 0x00007ffc545ff000 	C:\Windows\System32\sechost.dll
0x00007ffc54600000 - 0x00007ffc54726000 	C:\Windows\System32\RPCRT4.dll
0x00007ffc52fc0000 - 0x00007ffc52fe7000 	C:\Windows\System32\bcrypt.dll
0x00007ffc52930000 - 0x00007ffc5297b000 	C:\Windows\SYSTEM32\POWRPROF.dll
0x00007ffc2dfc0000 - 0x00007ffc2dfc9000 	C:\Windows\SYSTEM32\WSOCK32.dll
0x00007ffc4be50000 - 0x00007ffc4be5a000 	C:\Windows\SYSTEM32\VERSION.dll
0x00007ffc47ae0000 - 0x00007ffc47b07000 	C:\Windows\SYSTEM32\WINMM.dll
0x00007ffc55690000 - 0x00007ffc556fb000 	C:\Windows\System32\WS2_32.dll
0x00007ffc52910000 - 0x00007ffc52922000 	C:\Windows\SYSTEM32\UMPDC.dll
0x00007ffc50d00000 - 0x00007ffc50d12000 	C:\Windows\SYSTEM32\kernel.appcore.dll
0x00007ffc4f260000 - 0x00007ffc4f26a000 	C:\Program Files\JetBrains\IntelliJ IDEA 2023.3.2\jbr\bin\jimage.dll
0x00007ffc48920000 - 0x00007ffc48b21000 	C:\Windows\SYSTEM32\DBGHELP.DLL
0x00007ffc488e0000 - 0x00007ffc48914000 	C:\Windows\SYSTEM32\dbgcore.DLL
0x00007ffc53720000 - 0x00007ffc537a2000 	C:\Windows\System32\bcryptPrimitives.dll
0x00007ffc49060000 - 0x00007ffc49085000 	C:\Program Files\JetBrains\IntelliJ IDEA 2023.3.2\jbr\bin\java.dll

dbghelp: loaded successfully - version: 4.0.5 - missing functions: none
symbol engine: initialized successfully - sym options: 0x614 - pdb path: .;C:\Program Files\JetBrains\IntelliJ IDEA 2023.3.2\jbr\bin;C:\Windows\SYSTEM32;C:\Windows\WinSxS\amd64_microsoft.windows.common-controls_6595b64144ccf1df_6.0.19041.5915_none_60b4b9d171f9c7c7;C:\Program Files\JetBrains\IntelliJ IDEA 2023.3.2\jbr\bin\server

VM Arguments:
jvm_args: -Xmx8G -Xms6G 
java_command: git4idea.http.GitAskPassApp Username for 'https://github.com': 
java_class_path (initial): C:/Program Files/JetBrains/IntelliJ IDEA 2023.3.2/plugins/vcs-git/lib/git4idea-rt.jar;C:/Program Files/JetBrains/IntelliJ IDEA 2023.3.2/lib/externalProcess-rt.jar
Launcher Type: SUN_STANDARD

[Global flags]
     intx CICompilerCount                          = 4                                         {product} {ergonomic}
     uint ConcGCThreads                            = 3                                         {product} {ergonomic}
     uint G1ConcRefinementThreads                  = 10                                        {product} {ergonomic}
   size_t G1HeapRegionSize                         = 4194304                                   {product} {ergonomic}
    uintx GCDrainStackTargetSize                   = 64                                        {product} {ergonomic}
   size_t InitialHeapSize                          = 6442450944                                {product} {command line}
   size_t MarkStackSize                            = 4194304                                   {product} {ergonomic}
   size_t MaxHeapSize                              = 8589934592                                {product} {command line}
   size_t MinHeapDeltaBytes                        = 4194304                                   {product} {ergonomic}
   size_t MinHeapSize                              = 6442450944                                {product} {command line}
    uintx NonNMethodCodeHeapSize                   = 5839372                                {pd product} {ergonomic}
    uintx NonProfiledCodeHeapSize                  = 122909434                              {pd product} {ergonomic}
    uintx ProfiledCodeHeapSize                     = 122909434                              {pd product} {ergonomic}
    uintx ReservedCodeCacheSize                    = 251658240                              {pd product} {ergonomic}
     bool SegmentedCodeCache                       = true                                      {product} {ergonomic}
   size_t SoftMaxHeapSize                          = 8589934592                             {manageable} {ergonomic}
     bool UseCompressedClassPointers               = true                           {product lp64_product} {ergonomic}
     bool UseCompressedOops                        = true                           {product lp64_product} {ergonomic}
     bool UseG1GC                                  = true                                      {product} {ergonomic}
     bool UseLargePagesIndividualAllocation        = false                                  {pd product} {ergonomic}

Logging:
Log output configuration:
 #0: stdout all=warning uptime,level,tags
 #1: stderr all=off uptime,level,tags

Environment Variables:
_JAVA_OPTIONS=-Xmx8G -Xms6G
PATH=C:\Program Files\Git\mingw64\libexec\git-core;C:\Program Files\Git\mingw64\libexec\git-core;C:\Program Files\Git\mingw64\bin;C:\Program Files\Git\usr\bin;C:\Users\arapo\bin;C:\Program Files (x86)\Common Files\Oracle\Java\javapath;C:\program files\common files\oracle\java\javapath;C:\program files (x86)\common files\oracle\java\java8path;C:\windows\system32;C:\windows;C:\windows\system32\wbem;C:\windows\system32\windowspowershell\v1.0;C:\windows\system32\openssh;C:\program files\nvidia corporation\nvidia nvdlisr;C:\program files\git\cmd;C:\program files (x86)\microsoft sql server\160\tools\binn;C:\program files\microsoft sql server\160\tools\binn;C:\program files\microsoft sql server\client sdk\odbc\170\tools\binn;C:\program files\microsoft sql server\160\dts\binn;C:\program files (x86)\microsoft sql server\160\dts\binn;C:\program files\azure data studio\bin;C:\users\arapo\appdata\local\android\sdk\emulator;C:\users\arapo\appdata\local\android\sdk\platform-tools;C:\users\arapo\appdata\local\android\sdk\tools;C:\program files\dotnet;C:\Program Files (x86)\NVIDIA Corporation\PhysX\Common;C:\Program Files\NVIDIA Corporation\NVIDIA app\NvDLISR;C:\Program Files\MATLAB\R2024b\bin;C:\Program Files\Docker\Docker\resources\bin;C:\Program Files (x86)\Windows Kits\10\Windows Performance Toolkit;C:\Users\arapo\AppData\Local\Microsoft\WindowsApps;C:\Program Files\Azure Data Studio\bin;C:\Program Files\heroku\bin
USERNAME=xallen
DISPLAY=:0.0
LC_ALL=en_US.UTF-8
TERM=xterm-256color
TMPDIR=C:\Users\arapo\AppData\Local\Temp
OS=Windows_NT
PROCESSOR_IDENTIFIER=Intel64 Family 6 Model 151 Stepping 5, GenuineIntel
TMP=C:\Users\arapo\AppData\Local\Temp
TEMP=C:\Users\arapo\AppData\Local\Temp



Periodic native trim disabled

JNI global refs:
JNI global refs: 0, weak refs: 0

JNI global refs memory usage: 0, weak refs: 0

OOME stack traces (most recent first):
Classloader memory used:


---------------  S Y S T E M  ---------------

OS:
 Windows 10 , 64 bit Build 19041 (10.0.19041.5915)
OS uptime: 2 days 2:24 hours
Hyper-V role detected

CPU: total 12 (initial active 12) (6 cores per cpu, 2 threads per core) family 6 model 151 stepping 5 microcode 0x2d, cx8, cmov, fxsr, ht, mmx, 3dnowpref, sse, sse2, sse3, ssse3, sse4.1, sse4.2, popcnt, lzcnt, tsc, tscinvbit, avx, avx2, aes, erms, clmul, bmi1, bmi2, adx, sha, fma, vzeroupper, clflush, clflushopt, clwb, hv
Processor Information for all 12 processors :
  Max Mhz: 2500, Current Mhz: 2500, Mhz Limit: 2500

Memory: 4k page, system-wide physical 16234M (1867M free)
TotalPageFile size 50657M (AvailPageFile size 3118M)
current process WorkingSet (physical memory assigned to process): 11M, peak: 11M
current process commit charge ("private bytes"): 64M, peak: 6208M

vm_info: OpenJDK 64-Bit Server VM (17.0.9+7-b1087.9) for windows-amd64 JRE (17.0.9+7-b1087.9), built on 2023-12-05 by "builduser" with MS VC++ 16.10 / 16.11 (VS2019)

END.
